INFO  started: Metals version 0.8.0 in workspace '/home/drai06/Escritorio/scala'
INFO  time: initialize in 1.25s
WARN  no build tool detected in workspace '/home/drai06/Escritorio/scala'. The most common cause for this problem is that the editor was opened in the wrong working directory, for example if you use sbt then the workspace directory should contain build.sbt. 
WARN  no build target for: /home/drai06/Escritorio/scala/prueba.scala
mar. 07, 2020 5:22:41 A. M. org.eclipse.lsp4j.jsonrpc.RemoteEndpoint handleCancellation
ADVERTENCIA: Unmatched cancel notification for request id 2
INFO  no build target: using presentation compiler with only scala-library
something's wrong: no file:///home/drai06/Escritorio/scala/prueba.scala in Array[<error>]RangePosition(file:///home/drai06/Escritorio/scala/prueba.scala, 37, 37, 52)
something's wrong: no file:///home/drai06/Escritorio/scala/prueba.scala in Array[<error>]RangePosition(file:///home/drai06/Escritorio/scala/prueba.scala, 37, 37, 45)
something's wrong: no file:///home/drai06/Escritorio/scala/prueba.scala in Array[<error>]RangePosition(file:///home/drai06/Escritorio/scala/prueba.scala, 37, 37, 46)
something's wrong: no file:///home/drai06/Escritorio/scala/prueba.scala in Array[<error>]RangePosition(file:///home/drai06/Escritorio/scala/prueba.scala, 37, 37, 47)
something's wrong: no file:///home/drai06/Escritorio/scala/prueba.scala in Array[<error>]RangePosition(file:///home/drai06/Escritorio/scala/prueba.scala, 37, 37, 48)
something's wrong: no file:///home/drai06/Escritorio/scala/prueba.scala in Array[String]RangePosition(file:///home/drai06/Escritorio/scala/prueba.scala, 37, 37, 50)
something's wrong: no file:///home/drai06/Escritorio/scala/prueba.scala in Array[String]RangePosition(file:///home/drai06/Escritorio/scala/prueba.scala, 37, 37, 50)
something's wrong: no file:///home/drai06/Escritorio/scala/prueba.scala in Array[String]RangePosition(file:///home/drai06/Escritorio/scala/prueba.scala, 37, 37, 50)
WARN  no build target for: /home/drai06/Escritorio/scala/prueba.scala
WARN  no build target for: /home/drai06/Escritorio/scala/prueba.scala
WARN  no build target for: /home/drai06/Escritorio/scala/prueba.scala
WARN  no build target for: /home/drai06/Escritorio/scala/prueba.scala
WARN  no build target for: /home/drai06/Escritorio/scala/prueba.scala
WARN  no build tool detected in workspace '/home/drai06/Escritorio/scala'. The most common cause for this problem is that the editor was opened in the wrong working directory, for example if you use sbt then the workspace directory should contain build.sbt. 
WARN  no build tool detected in workspace '/home/drai06/Escritorio/scala'. The most common cause for this problem is that the editor was opened in the wrong working directory, for example if you use sbt then the workspace directory should contain build.sbt. 
WARN  no build tool detected in workspace '/home/drai06/Escritorio/scala'. The most common cause for this problem is that the editor was opened in the wrong working directory, for example if you use sbt then the workspace directory should contain build.sbt. 
WARN  no build tool detected in workspace '/home/drai06/Escritorio/scala'. The most common cause for this problem is that the editor was opened in the wrong working directory, for example if you use sbt then the workspace directory should contain build.sbt. 
WARN  no build target for: /home/drai06/Escritorio/scala/prueba.scala
WARN  no build target for: /home/drai06/Escritorio/scala/dojo-scala.scala
WARN  no build tool detected in workspace '/home/drai06/Escritorio/scala'. The most common cause for this problem is that the editor was opened in the wrong working directory, for example if you use sbt then the workspace directory should contain build.sbt. 
WARN  no build tool detected in workspace '/home/drai06/Escritorio/scala'. The most common cause for this problem is that the editor was opened in the wrong working directory, for example if you use sbt then the workspace directory should contain build.sbt. 
WARN  no build tool detected in workspace '/home/drai06/Escritorio/scala'. The most common cause for this problem is that the editor was opened in the wrong working directory, for example if you use sbt then the workspace directory should contain build.sbt. 
WARN  no build tool detected in workspace '/home/drai06/Escritorio/scala'. The most common cause for this problem is that the editor was opened in the wrong working directory, for example if you use sbt then the workspace directory should contain build.sbt. 
WARN  no build tool detected in workspace '/home/drai06/Escritorio/scala'. The most common cause for this problem is that the editor was opened in the wrong working directory, for example if you use sbt then the workspace directory should contain build.sbt. 
WARN  no build tool detected in workspace '/home/drai06/Escritorio/scala'. The most common cause for this problem is that the editor was opened in the wrong working directory, for example if you use sbt then the workspace directory should contain build.sbt. 
WARN  no build target for: /home/drai06/Escritorio/scala/dojo-scala.scala
WARN  no build tool detected in workspace '/home/drai06/Escritorio/scala'. The most common cause for this problem is that the editor was opened in the wrong working directory, for example if you use sbt then the workspace directory should contain build.sbt. 
WARN  no build tool detected in workspace '/home/drai06/Escritorio/scala'. The most common cause for this problem is that the editor was opened in the wrong working directory, for example if you use sbt then the workspace directory should contain build.sbt. 
WARN  no build tool detected in workspace '/home/drai06/Escritorio/scala'. The most common cause for this problem is that the editor was opened in the wrong working directory, for example if you use sbt then the workspace directory should contain build.sbt. 
WARN  no build tool detected in workspace '/home/drai06/Escritorio/scala'. The most common cause for this problem is that the editor was opened in the wrong working directory, for example if you use sbt then the workspace directory should contain build.sbt. 
WARN  no build tool detected in workspace '/home/drai06/Escritorio/scala'. The most common cause for this problem is that the editor was opened in the wrong working directory, for example if you use sbt then the workspace directory should contain build.sbt. 
WARN  no build tool detected in workspace '/home/drai06/Escritorio/scala'. The most common cause for this problem is that the editor was opened in the wrong working directory, for example if you use sbt then the workspace directory should contain build.sbt. 
WARN  no build tool detected in workspace '/home/drai06/Escritorio/scala'. The most common cause for this problem is that the editor was opened in the wrong working directory, for example if you use sbt then the workspace directory should contain build.sbt. 
WARN  no build tool detected in workspace '/home/drai06/Escritorio/scala'. The most common cause for this problem is that the editor was opened in the wrong working directory, for example if you use sbt then the workspace directory should contain build.sbt. 
WARN  no build tool detected in workspace '/home/drai06/Escritorio/scala'. The most common cause for this problem is that the editor was opened in the wrong working directory, for example if you use sbt then the workspace directory should contain build.sbt. 
WARN  no build tool detected in workspace '/home/drai06/Escritorio/scala'. The most common cause for this problem is that the editor was opened in the wrong working directory, for example if you use sbt then the workspace directory should contain build.sbt. 
WARN  no build target for: /home/drai06/Escritorio/scala/dojo-scala.scala
WARN  no build tool detected in workspace '/home/drai06/Escritorio/scala'. The most common cause for this problem is that the editor was opened in the wrong working directory, for example if you use sbt then the workspace directory should contain build.sbt. 
WARN  no build tool detected in workspace '/home/drai06/Escritorio/scala'. The most common cause for this problem is that the editor was opened in the wrong working directory, for example if you use sbt then the workspace directory should contain build.sbt. 
WARN  no build target for: /home/drai06/Escritorio/scala/dojo-scala.scala
WARN  no build tool detected in workspace '/home/drai06/Escritorio/scala'. The most common cause for this problem is that the editor was opened in the wrong working directory, for example if you use sbt then the workspace directory should contain build.sbt. 
WARN  no build tool detected in workspace '/home/drai06/Escritorio/scala'. The most common cause for this problem is that the editor was opened in the wrong working directory, for example if you use sbt then the workspace directory should contain build.sbt. 
WARN  no build tool detected in workspace '/home/drai06/Escritorio/scala'. The most common cause for this problem is that the editor was opened in the wrong working directory, for example if you use sbt then the workspace directory should contain build.sbt. 
WARN  no build tool detected in workspace '/home/drai06/Escritorio/scala'. The most common cause for this problem is that the editor was opened in the wrong working directory, for example if you use sbt then the workspace directory should contain build.sbt. 
WARN  no build target for: /home/drai06/Escritorio/scala/dojo-scala.scala
WARN  no build target for: /home/drai06/Escritorio/scala/dojo-scala.scala
WARN  no build target for: /home/drai06/Escritorio/scala/dojo-scala.scala
WARN  no build tool detected in workspace '/home/drai06/Escritorio/scala'. The most common cause for this problem is that the editor was opened in the wrong working directory, for example if you use sbt then the workspace directory should contain build.sbt. 
WARN  no build tool detected in workspace '/home/drai06/Escritorio/scala'. The most common cause for this problem is that the editor was opened in the wrong working directory, for example if you use sbt then the workspace directory should contain build.sbt. 
WARN  no build target for: /home/drai06/Escritorio/scala/dojo-scala.scala
mar. 07, 2020 6:38:14 A. M. scala.meta.internal.pc.CompilerAccess handleError
GRAVE: offset 294, count -1, length 948
java.lang.StringIndexOutOfBoundsException: offset 294, count -1, length 948
	at java.base/java.lang.String.checkBoundsOffCount(String.java:3304)
	at java.base/java.lang.String.rangeCheck(String.java:280)
	at java.base/java.lang.String.<init>(String.java:276)
	at scala.tools.nsc.interactive.Global.typeCompletions$1(Global.scala:1230)
	at scala.tools.nsc.interactive.Global.completionsAt(Global.scala:1253)
	at scala.meta.internal.pc.SignatureHelpProvider.$anonfun$treeSymbol$1(SignatureHelpProvider.scala:369)
	at scala.Option.map(Option.scala:230)
	at scala.meta.internal.pc.SignatureHelpProvider.treeSymbol(SignatureHelpProvider.scala:368)
	at scala.meta.internal.pc.SignatureHelpProvider$MethodCall$.unapply(SignatureHelpProvider.scala:197)
	at scala.meta.internal.pc.SignatureHelpProvider$MethodCallTraverser.visit(SignatureHelpProvider.scala:305)
	at scala.meta.internal.pc.SignatureHelpProvider$MethodCallTraverser.traverse(SignatureHelpProvider.scala:300)
	at scala.meta.internal.pc.SignatureHelpProvider$MethodCallTraverser.fromTree(SignatureHelpProvider.scala:269)
	at scala.meta.internal.pc.SignatureHelpProvider.signatureHelp(SignatureHelpProvider.scala:26)

WARN  no build target for: /home/drai06/Escritorio/scala/dojo-scala.scala
